<?xml version="1.0" encoding="UTF-8"?>
<!-- Generated by org.testng.reporters.JUnitReportReporter -->
<testsuite hostname="LAPTOP-2ISB6G2C" failures="0" tests="1" name="mynotesapp.NewTest" time="0.004" errors="0" timestamp="26 Feb 2022 07:23:34 GMT">
  <testcase classname="mynotesapp.NewTest" name="beforeTest" time="0.004"/>
</testsuite> <!-- mynotesapp.NewTest -->
